Using pre-set license
Built from '2021.3/china_unity/release' branch; Version is '2021.3.8f1c1 (c20728c1e961) revision 12715816'; Using compiler version '192829333'; Build Type 'Release'
OS: 'Windows 10  (10.0.19045) 64bit Core' Language: 'zh' Physical Memory: 8033 MB
BatchMode: 1, IsHumanControllingUs: 0, StartBugReporterOnCrash: 0, Is64bit: 1, IsPro: 1

COMMAND LINE ARGUMENTS:
D:\Program File\Unity Editor\2021.3.8f1c1\Editor\Unity.exe
-adb2
-batchMode
-noUpm
-name
AssetImportWorker0
-projectPath
D:/ProgramData/Unity Project/Plants Vs Zombies
-logFile
Logs/AssetImportWorker0.log
-srvPort
6715
Successfully changed project path to: D:/ProgramData/Unity Project/Plants Vs Zombies
D:/ProgramData/Unity Project/Plants Vs Zombies
[UnityMemory] Configuration Parameters - Can be set up in boot.config
    "memorysetup-bucket-allocator-granularity=16"
    "memorysetup-bucket-allocator-bucket-count=8"
    "memorysetup-bucket-allocator-block-size=33554432"
    "memorysetup-bucket-allocator-block-count=8"
    "memorysetup-main-allocator-block-size=16777216"
    "memorysetup-thread-allocator-block-size=16777216"
    "memorysetup-gfx-main-allocator-block-size=16777216"
    "memorysetup-gfx-thread-allocator-block-size=16777216"
    "memorysetup-cache-allocator-block-size=4194304"
    "memorysetup-typetree-allocator-block-size=2097152"
    "memorysetup-profiler-bucket-allocator-granularity=16"
    "memorysetup-profiler-bucket-allocator-bucket-count=8"
    "memorysetup-profiler-bucket-allocator-block-size=33554432"
    "memorysetup-profiler-bucket-allocator-block-count=8"
    "memorysetup-profiler-allocator-block-size=16777216"
    "memorysetup-profiler-editor-allocator-block-size=1048576"
    "memorysetup-temp-allocator-size-main=16777216"
    "memorysetup-job-temp-allocator-block-size=2097152"
    "memorysetup-job-temp-allocator-block-size-background=1048576"
    "memorysetup-job-temp-allocator-reduction-small-platforms=262144"
    "memorysetup-temp-allocator-size-background-worker=32768"
    "memorysetup-temp-allocator-size-job-worker=262144"
    "memorysetup-temp-allocator-size-preload-manager=33554432"
    "memorysetup-temp-allocator-size-nav-mesh-worker=65536"
    "memorysetup-temp-allocator-size-audio-worker=65536"
    "memorysetup-temp-allocator-size-cloud-worker=32768"
    "memorysetup-temp-allocator-size-gi-baking-worker=262144"
    "memorysetup-temp-allocator-size-gfx=262144"
AS: AutoStreaming module initializing.
Refreshing native plugins compatible for Editor in 61.15 ms, found 3 plugins.
Preloading 0 native plugins for Editor in 0.00 ms.
Initialize engine version: 2021.3.8f1c1 (c20728c1e961)
[Subsystems] Discovering subsystems at path D:/Program File/Unity Editor/2021.3.8f1c1/Editor/Data/Resources/UnitySubsystems
[Subsystems] Discovering subsystems at path D:/ProgramData/Unity Project/Plants Vs Zombies/Assets
GfxDevice: creating device client; threaded=0; jobified=0
Direct3D:
    Version:  Direct3D 11.0 [level 11.1]
    Renderer: NVIDIA GeForce GTX 1050 (ID=0x1c8d)
    Vendor:   NVIDIA
    VRAM:     4018 MB
    Driver:   31.0.15.2656
Initialize mono
Mono path[0] = 'D:/Program File/Unity Editor/2021.3.8f1c1/Editor/Data/Managed'
Mono path[1] = 'D:/Program File/Unity Editor/2021.3.8f1c1/Editor/Data/MonoBleedingEdge/lib/mono/unityjit-win32'
Mono config path = 'D:/Program File/Unity Editor/2021.3.8f1c1/Editor/Data/MonoBleedingEdge/etc'
Using monoOptions --debugger-agent=transport=dt_socket,embedding=1,server=y,suspend=n,address=127.0.0.1:56760
Begin MonoManager ReloadAssembly
Registering precompiled unity dll's ...
Register platform support module: D:/Program File/Unity Editor/2021.3.8f1c1/Editor/Data/PlaybackEngines/AndroidPlayer/UnityEditor.Android.Extensions.dll
Register platform support module: D:/Program File/Unity Editor/2021.3.8f1c1/Editor/Data/PlaybackEngines/WindowsStandaloneSupport/UnityEditor.WindowsStandalone.Extensions.dll
Registered in 0.006184 seconds.
Native extension for WindowsStandalone target not found
Native extension for Android target not found
Refreshing native plugins compatible for Editor in 52.73 ms, found 3 plugins.
Preloading 0 native plugins for Editor in 0.00 ms.
Mono: successfully reloaded assembly
- Completed reload, in  0.757 seconds
Domain Reload Profiling:
	ReloadAssembly (757ms)
		BeginReloadAssembly (105ms)
			ExecutionOrderSort (0ms)
			DisableScriptedObjects (0ms)
			BackupInstance (0ms)
			ReleaseScriptingObjects (0ms)
			CreateAndSetChildDomain (1ms)
		EndReloadAssembly (532ms)
			LoadAssemblies (103ms)
			RebuildTransferFunctionScriptingTraits (0ms)
			SetupTypeCache (180ms)
			ReleaseScriptCaches (0ms)
			RebuildScriptCaches (30ms)
			SetupLoadedEditorAssemblies (254ms)
				LogAssemblyErrors (0ms)
				InitializePlatformSupportModulesInManaged (62ms)
				SetLoadedEditorAssemblies (0ms)
				RefreshPlugins (53ms)
				BeforeProcessingInitializeOnLoad (1ms)
				ProcessInitializeOnLoadAttributes (93ms)
				ProcessInitializeOnLoadMethodAttributes (45ms)
				AfterProcessingInitializeOnLoad (0ms)
				EditorAssembliesLoaded (0ms)
			ExecutionOrderSort2 (0ms)
			AwakeInstancesAfterBackupRestoration (0ms)
Platform modules already initialized, skipping
Registering precompiled user dll's ...
Registered in 0.021376 seconds.
Begin MonoManager ReloadAssembly
Native extension for WindowsStandalone target not found
Native extension for Android target not found
Refreshing native plugins compatible for Editor in 50.39 ms, found 3 plugins.
Preloading 0 native plugins for Editor in 0.00 ms.
Mono: successfully reloaded assembly
- Completed reload, in  1.322 seconds
Domain Reload Profiling:
	ReloadAssembly (1323ms)
		BeginReloadAssembly (273ms)
			ExecutionOrderSort (0ms)
			DisableScriptedObjects (6ms)
			BackupInstance (0ms)
			ReleaseScriptingObjects (0ms)
			CreateAndSetChildDomain (127ms)
		EndReloadAssembly (903ms)
			LoadAssemblies (199ms)
			RebuildTransferFunctionScriptingTraits (0ms)
			SetupTypeCache (235ms)
			ReleaseScriptCaches (0ms)
			RebuildScriptCaches (53ms)
			SetupLoadedEditorAssemblies (402ms)
				LogAssemblyErrors (0ms)
				InitializePlatformSupportModulesInManaged (12ms)
				SetLoadedEditorAssemblies (0ms)
				RefreshPlugins (50ms)
				BeforeProcessingInitializeOnLoad (71ms)
				ProcessInitializeOnLoadAttributes (213ms)
				ProcessInitializeOnLoadMethodAttributes (45ms)
				AfterProcessingInitializeOnLoad (9ms)
				EditorAssembliesLoaded (0ms)
			ExecutionOrderSort2 (0ms)
			AwakeInstancesAfterBackupRestoration (8ms)
Platform modules already initialized, skipping
========================================================================
Worker process is ready to serve import requests
Launched and connected shader compiler UnityShaderCompiler.exe after 0.07 seconds
Refreshing native plugins compatible for Editor in 1.29 ms, found 3 plugins.
Preloading 0 native plugins for Editor in 0.00 ms.
Unloading 2537 Unused Serialized files (Serialized files now loaded: 0)
Unloading 33 unused Assets / (55.5 KB). Loaded Objects now: 3007.
Memory consumption went from 117.1 MB to 117.0 MB.
Total: 7.885400 ms (FindLiveObjects: 0.550200 ms CreateObjectMapping: 0.190400 ms MarkObjects: 6.433100 ms  DeleteObjects: 0.708200 ms)

AssetImportParameters requested are different than current active one (requested -> active):
  custom:video-decoder-ogg-theora: a1e56fd34408186e4bbccfd4996cb3dc -> 
  custom:container-muxer-webm: aa71ff27fc2769a1b78a27578f13a17b -> 
  custom:container-demuxer-webm: 4f35f7cbe854078d1ac9338744f61a02 -> 
  custom:video-encoder-webm-vp8: eb34c28f22e8b96e1ab97ce403110664 -> 
  custom:audio-encoder-webm-vorbis: bf7c407c2cedff20999df2af8eb42d56 -> 
  custom:framework-win-MediaFoundation: 216162199b28c13a410421893ffa2e32 -> 
  custom:container-demuxer-ogg: 62fdf1f143b41e24485cea50d1cbac27 -> 
  custom:video-decoder-webm-vp8: 9c59270c3fd7afecdb556c50c9e8de78 -> 
  custom:audio-decoder-ogg-vorbis: bf7c407c2cedff20999df2af8eb42d56 -> 
========================================================================
Received Import Request.
  Time since last request: 258720.927962 seconds.
  path: Assets/Resources/Sprites/Zombies/DemonDing/DemonDing.psb
  artifactKey: Guid(ec02089f572c3ed4c80b04fae1c9660d) Importer(815301076,1909f56bfc062723c751e8b465ee728b)
Start importing Assets/Resources/Sprites/Zombies/DemonDing/DemonDing.psb using Guid(ec02089f572c3ed4c80b04fae1c9660d) Importer(815301076,1909f56bfc062723c751e8b465ee728b)  -> (artifact id: '5023680eeb5226af18679469f0f86815') in 0.255728 seconds 
========================================================================
Received Import Request.
  Time since last request: 1.032806 seconds.
  path: Assets/Resources/Sprites/Zombies/DemonDing/DemonDing.png
  artifactKey: Guid(bedd14ccc1d784e43b0fb4f6ffdf8b33) Importer(815301076,1909f56bfc062723c751e8b465ee728b)
Start importing Assets/Resources/Sprites/Zombies/DemonDing/DemonDing.png using Guid(bedd14ccc1d784e43b0fb4f6ffdf8b33) Importer(815301076,1909f56bfc062723c751e8b465ee728b)  -> (artifact id: '857ede367588967ad20256a5fd843d20') in 0.050288 seconds 
========================================================================
Received Import Request.
  Time since last request: 59.320673 seconds.
  path: Assets/Resources/Sprites/Zombies/DemonDing/DemonDing.psb
  artifactKey: Guid(ec02089f572c3ed4c80b04fae1c9660d) Importer(815301076,1909f56bfc062723c751e8b465ee728b)
Start importing Assets/Resources/Sprites/Zombies/DemonDing/DemonDing.psb using Guid(ec02089f572c3ed4c80b04fae1c9660d) Importer(815301076,1909f56bfc062723c751e8b465ee728b)  -> (artifact id: '5c0a400cfebec949762f2a93ba54300d') in 0.082485 seconds 
========================================================================
Received Import Request.
  Time since last request: 25.309028 seconds.
  path: Assets/Resources/Sprites/Zombies/DemonDing/DemonDing.psb
  artifactKey: Guid(ec02089f572c3ed4c80b04fae1c9660d) Importer(815301076,1909f56bfc062723c751e8b465ee728b)
Start importing Assets/Resources/Sprites/Zombies/DemonDing/DemonDing.psb using Guid(ec02089f572c3ed4c80b04fae1c9660d) Importer(815301076,1909f56bfc062723c751e8b465ee728b)  -> (artifact id: '953fefdd29fa7b66d3b08841a9163a50') in 0.081614 seconds 
========================================================================
Received Import Request.
  Time since last request: 16.158276 seconds.
  path: Assets/Resources/Sprites/Zombies/DemonDing/DemonDing.psb
  artifactKey: Guid(ec02089f572c3ed4c80b04fae1c9660d) Importer(815301076,1909f56bfc062723c751e8b465ee728b)
Start importing Assets/Resources/Sprites/Zombies/DemonDing/DemonDing.psb using Guid(ec02089f572c3ed4c80b04fae1c9660d) Importer(815301076,1909f56bfc062723c751e8b465ee728b)  -> (artifact id: '1ae24fcec8600872ea1451054487584a') in 0.078369 seconds 
========================================================================
Received Import Request.
  Time since last request: 9.347376 seconds.
  path: Assets/Resources/Sprites/Zombies/DemonDing/DemonDing.psb
  artifactKey: Guid(ec02089f572c3ed4c80b04fae1c9660d) Importer(815301076,1909f56bfc062723c751e8b465ee728b)
Start importing Assets/Resources/Sprites/Zombies/DemonDing/DemonDing.psb using Guid(ec02089f572c3ed4c80b04fae1c9660d) Importer(815301076,1909f56bfc062723c751e8b465ee728b)  -> (artifact id: 'bfedeba0efae44199c2b29902be5fc00') in 0.077881 seconds 
========================================================================
Received Import Request.
  Time since last request: 20.563449 seconds.
  path: Assets/Resources/Sprites/Zombies/DemonDing/DemonDing.psb
  artifactKey: Guid(ec02089f572c3ed4c80b04fae1c9660d) Importer(815301076,1909f56bfc062723c751e8b465ee728b)
Start importing Assets/Resources/Sprites/Zombies/DemonDing/DemonDing.psb using Guid(ec02089f572c3ed4c80b04fae1c9660d) Importer(815301076,1909f56bfc062723c751e8b465ee728b)  -> (artifact id: 'bb23ca23c7da89a888671267d4988da1') in 0.083459 seconds 
========================================================================
Received Import Request.
  Time since last request: 9.561632 seconds.
  path: Assets/Resources/Sprites/Zombies/DemonDing/DemonDing.psb
  artifactKey: Guid(ec02089f572c3ed4c80b04fae1c9660d) Importer(815301076,1909f56bfc062723c751e8b465ee728b)
Start importing Assets/Resources/Sprites/Zombies/DemonDing/DemonDing.psb using Guid(ec02089f572c3ed4c80b04fae1c9660d) Importer(815301076,1909f56bfc062723c751e8b465ee728b)  -> (artifact id: '4aec87026a6b38f9b2de1a8f62754205') in 0.095201 seconds 
========================================================================
Received Import Request.
  Time since last request: 1729.749693 seconds.
  path: Assets/Resources/Sprites/Zombies/DemonDing/DemonDing.psb
  artifactKey: Guid(ec02089f572c3ed4c80b04fae1c9660d) Importer(815301076,1909f56bfc062723c751e8b465ee728b)
Start importing Assets/Resources/Sprites/Zombies/DemonDing/DemonDing.psb using Guid(ec02089f572c3ed4c80b04fae1c9660d) Importer(815301076,1909f56bfc062723c751e8b465ee728b)  -> (artifact id: 'a192381b1cbc80ff4c8bcb32f14a78c0') in 0.113255 seconds 
========================================================================
Received Import Request.
  Time since last request: 11.594295 seconds.
  path: Assets/Resources/Sprites/Zombies/DemonDing/DemonDing.psb
  artifactKey: Guid(ec02089f572c3ed4c80b04fae1c9660d) Importer(815301076,1909f56bfc062723c751e8b465ee728b)
Start importing Assets/Resources/Sprites/Zombies/DemonDing/DemonDing.psb using Guid(ec02089f572c3ed4c80b04fae1c9660d) Importer(815301076,1909f56bfc062723c751e8b465ee728b)  -> (artifact id: 'd34067d3bd44240bc79535701b875d9b') in 0.116753 seconds 
========================================================================
Received Import Request.
  Time since last request: 309.574101 seconds.
  path: Assets/Resources/Sprites/Zombies/DemonDing/DemonDing.psb
  artifactKey: Guid(ec02089f572c3ed4c80b04fae1c9660d) Importer(815301076,1909f56bfc062723c751e8b465ee728b)
Start importing Assets/Resources/Sprites/Zombies/DemonDing/DemonDing.psb using Guid(ec02089f572c3ed4c80b04fae1c9660d) Importer(815301076,1909f56bfc062723c751e8b465ee728b)  -> (artifact id: '8834a89a08e7ae4dbab9fc504f42b74a') in 0.108351 seconds 
========================================================================
Received Import Request.
  Time since last request: 14.248459 seconds.
  path: Assets/Resources/Sprites/Zombies/DemonDing/DemonDing.psb
  artifactKey: Guid(ec02089f572c3ed4c80b04fae1c9660d) Importer(815301076,1909f56bfc062723c751e8b465ee728b)
Start importing Assets/Resources/Sprites/Zombies/DemonDing/DemonDing.psb using Guid(ec02089f572c3ed4c80b04fae1c9660d) Importer(815301076,1909f56bfc062723c751e8b465ee728b)  -> (artifact id: 'cc9630e9a27abb28e1e153b5a447727f') in 0.124395 seconds 
========================================================================
Received Import Request.
  Time since last request: 504.588930 seconds.
  path: Assets/Resources/Sprites/Zombies/DemonDing/DemonDing.psb
  artifactKey: Guid(ec02089f572c3ed4c80b04fae1c9660d) Importer(815301076,1909f56bfc062723c751e8b465ee728b)
Start importing Assets/Resources/Sprites/Zombies/DemonDing/DemonDing.psb using Guid(ec02089f572c3ed4c80b04fae1c9660d) Importer(815301076,1909f56bfc062723c751e8b465ee728b)  -> (artifact id: '5a11b966593efd902000ec4d4a1b7aba') in 0.125401 seconds 
========================================================================
Received Import Request.
  Time since last request: 128.528642 seconds.
  path: Assets/Resources/Animations/Zombies/DemonDing
  artifactKey: Guid(b494ae681c79d374a99b7f1c7ed5f40b) Importer(815301076,1909f56bfc062723c751e8b465ee728b)
Start importing Assets/Resources/Animations/Zombies/DemonDing using Guid(b494ae681c79d374a99b7f1c7ed5f40b) Importer(815301076,1909f56bfc062723c751e8b465ee728b)  -> (artifact id: '19c404e660298c79f7658e1fa43e9bdd') in 0.002171 seconds 
========================================================================
Received Import Request.
  Time since last request: 43.302004 seconds.
  path: Assets/Resources/Animations/Zombies/DemonDing/DemonDing_walk.anim
  artifactKey: Guid(ad1cda5fecf6c354cb204317a82a9f42) Importer(815301076,1909f56bfc062723c751e8b465ee728b)
Start importing Assets/Resources/Animations/Zombies/DemonDing/DemonDing_walk.anim using Guid(ad1cda5fecf6c354cb204317a82a9f42) Importer(815301076,1909f56bfc062723c751e8b465ee728b)  -> (artifact id: '72cb2742770e882df0cf07e9acc9cc59') in 0.010386 seconds 
